<?xml version="1.0" encoding="UTF-8"?>
<!-- Generated by org.testng.reporters.JUnitXMLReporter -->
<testsuite hostname="3WNR5Y2" name="Default test" tests="2" failures="0" timestamp="15 Jun 2020 17:08:58 GMT" time="2.902" errors="0">
  <testcase name="getHighestInfectionCountAndDate" time="2.393" classname="se.doctrin.restAssured.tests.covidGetData"/>
  <testcase name="getHighestDeathCountAndDate" time="0.437" classname="se.doctrin.restAssured.tests.covidGetData"/>
</testsuite> <!-- Default test -->
