<?xml version="1.0" encoding="UTF-8"?>
<testng-results skipped="0" failed="0" total="2" passed="2">
  <reporter-output>
  </reporter-output>
  <suite name="Default suite" duration-ms="2902" started-at="2020-06-15T17:08:55Z" finished-at="2020-06-15T17:08:58Z">
    <groups>
    </groups>
    <test name="Default test" duration-ms="2902" started-at="2020-06-15T17:08:55Z" finished-at="2020-06-15T17:08:58Z">
      <class name="se.doctrin.restAssured.tests.covidGetData">
        <test-method status="PASS" signature="getHighestInfectionCountAndDate()[pri:0, instance:se.doctrin.restAssured.tests.covidGetData@4de5031f]" name="getHighestInfectionCountAndDate" duration-ms="2393" started-at="2020-06-15T19:08:55Z" finished-at="2020-06-15T19:08:57Z">
          <reporter-output>
          </reporter-output>
        </test-method> <!-- getHighestInfectionCountAndDate -->
        <test-method status="PASS" signature="getHighestDeathCountAndDate()[pri:0, instance:se.doctrin.restAssured.tests.covidGetData@4de5031f]" name="getHighestDeathCountAndDate" duration-ms="437" started-at="2020-06-15T19:08:57Z" finished-at="2020-06-15T19:08:58Z">
          <reporter-output>
          </reporter-output>
        </test-method> <!-- getHighestDeathCountAndDate -->
      </class> <!-- se.doctrin.restAssured.tests.covidGetData -->
    </test> <!-- Default test -->
  </suite> <!-- Default suite -->
</testng-results>
